
Log written at : 6/1/2016 11:25:28 AM
Error occured on page : http://localhost:4071/login.aspx?ReturnUrl=/Admin/RaceEvents.aspx

Here is the actual error :
System.Data.SqlClient.SqlException (0x80131904): Could not find stored procedure 'spUserChangePassword'.
   at System.Data.SqlClient.SqlConnection.OnError(SqlException exception, Boolean breakConnection, Action`1 wrapCloseInAction)
   at System.Data.SqlClient.SqlInternalConnection.OnError(SqlException exception, Boolean breakConnection, Action`1 wrapCloseInAction)
   at System.Data.SqlClient.TdsParser.ThrowExceptionAndWarning(TdsParserStateObject stateObj, Boolean callerHasConnectionLock, Boolean asyncClose)
   at System.Data.SqlClient.TdsParser.TryRun(RunBehavior runBehavior, SqlCommand cmdHandler, SqlDataReader dataStream, BulkCopySimpleResultSet bulkCopyHandler, TdsParserStateObject stateObj, Boolean& dataReady)
   at System.Data.SqlClient.SqlCommand.FinishExecuteReader(SqlDataReader ds, RunBehavior runBehavior, String resetOptionsString)
   at System.Data.SqlClient.SqlCommand.RunExecuteReaderTds(CommandBehavior cmdBehavior, RunBehavior runBehavior, Boolean returnStream, Boolean async, Int32 timeout, Task& task, Boolean asyncWrite, SqlDataReader ds, Boolean describeParameterEncryptionRequest)
   at System.Data.SqlClient.SqlCommand.RunExecuteReader(CommandBehavior cmdBehavior, RunBehavior runBehavior, Boolean returnStream, String method, TaskCompletionSource`1 completion, Int32 timeout, Task& task, Boolean asyncWrite)
   at System.Data.SqlClient.SqlCommand.InternalExecuteNonQuery(TaskCompletionSource`1 completion, String methodName, Boolean sendToPipe, Int32 timeout, Boolean asyncWrite)
   at System.Data.SqlClient.SqlCommand.ExecuteNonQuery()
   at DatabaseManager.Data.BaseDataAccessor.ExecuteWithResult(String sproc, SqlParameter[] parameters)
   at DatabaseManager.Data.DBAccessManager.UserChangePassword(String UserName, String OldPassword, String NewPassword)
   at SchoolNet.Login.Change_Password_Click(Object sender, EventArgs e) in c:\Kesavan\Projects\FarmPro\FarmPro\Login.aspx.cs:line 109
ClientConnectionId:2ef3d338-b721-45fc-a23d-80095fcc61cb
Error Number:2812,State:62,Class:16
==========================================

Log written at : 6/1/2016 11:25:40 AM
Error occured on page : http://localhost:4071/login.aspx?ReturnUrl=/Admin/RaceEvents.aspx

Here is the actual error :
System.Data.SqlClient.SqlException (0x80131904): Could not find stored procedure 'spUserChangePassword'.
   at System.Data.SqlClient.SqlConnection.OnError(SqlException exception, Boolean breakConnection, Action`1 wrapCloseInAction)
   at System.Data.SqlClient.SqlInternalConnection.OnError(SqlException exception, Boolean breakConnection, Action`1 wrapCloseInAction)
   at System.Data.SqlClient.TdsParser.ThrowExceptionAndWarning(TdsParserStateObject stateObj, Boolean callerHasConnectionLock, Boolean asyncClose)
   at System.Data.SqlClient.TdsParser.TryRun(RunBehavior runBehavior, SqlCommand cmdHandler, SqlDataReader dataStream, BulkCopySimpleResultSet bulkCopyHandler, TdsParserStateObject stateObj, Boolean& dataReady)
   at System.Data.SqlClient.SqlCommand.FinishExecuteReader(SqlDataReader ds, RunBehavior runBehavior, String resetOptionsString)
   at System.Data.SqlClient.SqlCommand.RunExecuteReaderTds(CommandBehavior cmdBehavior, RunBehavior runBehavior, Boolean returnStream, Boolean async, Int32 timeout, Task& task, Boolean asyncWrite, SqlDataReader ds, Boolean describeParameterEncryptionRequest)
   at System.Data.SqlClient.SqlCommand.RunExecuteReader(CommandBehavior cmdBehavior, RunBehavior runBehavior, Boolean returnStream, String method, TaskCompletionSource`1 completion, Int32 timeout, Task& task, Boolean asyncWrite)
   at System.Data.SqlClient.SqlCommand.InternalExecuteNonQuery(TaskCompletionSource`1 completion, String methodName, Boolean sendToPipe, Int32 timeout, Boolean asyncWrite)
   at System.Data.SqlClient.SqlCommand.ExecuteNonQuery()
   at DatabaseManager.Data.BaseDataAccessor.ExecuteWithResult(String sproc, SqlParameter[] parameters)
   at DatabaseManager.Data.DBAccessManager.UserChangePassword(String UserName, String OldPassword, String NewPassword)
   at SchoolNet.Login.Change_Password_Click(Object sender, EventArgs e) in c:\Kesavan\Projects\FarmPro\FarmPro\Login.aspx.cs:line 109
ClientConnectionId:2ef3d338-b721-45fc-a23d-80095fcc61cb
Error Number:2812,State:62,Class:16
==========================================

Log written at : 6/1/2016 11:26:01 AM
Error occured on page : http://localhost:4071/login.aspx?ReturnUrl=/Admin/RaceEvents.aspx

Here is the actual error :
System.Data.SqlClient.SqlException (0x80131904): Could not find stored procedure 'spUserChangePassword'.
   at System.Data.SqlClient.SqlConnection.OnError(SqlException exception, Boolean breakConnection, Action`1 wrapCloseInAction)
   at System.Data.SqlClient.SqlInternalConnection.OnError(SqlException exception, Boolean breakConnection, Action`1 wrapCloseInAction)
   at System.Data.SqlClient.TdsParser.ThrowExceptionAndWarning(TdsParserStateObject stateObj, Boolean callerHasConnectionLock, Boolean asyncClose)
   at System.Data.SqlClient.TdsParser.TryRun(RunBehavior runBehavior, SqlCommand cmdHandler, SqlDataReader dataStream, BulkCopySimpleResultSet bulkCopyHandler, TdsParserStateObject stateObj, Boolean& dataReady)
   at System.Data.SqlClient.SqlCommand.FinishExecuteReader(SqlDataReader ds, RunBehavior runBehavior, String resetOptionsString)
   at System.Data.SqlClient.SqlCommand.RunExecuteReaderTds(CommandBehavior cmdBehavior, RunBehavior runBehavior, Boolean returnStream, Boolean async, Int32 timeout, Task& task, Boolean asyncWrite, SqlDataReader ds, Boolean describeParameterEncryptionRequest)
   at System.Data.SqlClient.SqlCommand.RunExecuteReader(CommandBehavior cmdBehavior, RunBehavior runBehavior, Boolean returnStream, String method, TaskCompletionSource`1 completion, Int32 timeout, Task& task, Boolean asyncWrite)
   at System.Data.SqlClient.SqlCommand.InternalExecuteNonQuery(TaskCompletionSource`1 completion, String methodName, Boolean sendToPipe, Int32 timeout, Boolean asyncWrite)
   at System.Data.SqlClient.SqlCommand.ExecuteNonQuery()
   at DatabaseManager.Data.BaseDataAccessor.ExecuteWithResult(String sproc, SqlParameter[] parameters)
   at DatabaseManager.Data.DBAccessManager.UserChangePassword(String UserName, String OldPassword, String NewPassword)
   at SchoolNet.Login.Change_Password_Click(Object sender, EventArgs e) in c:\Kesavan\Projects\FarmPro\FarmPro\Login.aspx.cs:line 109
ClientConnectionId:2ef3d338-b721-45fc-a23d-80095fcc61cb
Error Number:2812,State:62,Class:16
==========================================

Log written at : 6/1/2016 11:26:25 AM
Error occured on page : http://localhost:4071/login.aspx

Here is the actual error :
System.Data.SqlClient.SqlException (0x80131904): Could not find stored procedure 'spUserChangePassword'.
   at System.Data.SqlClient.SqlConnection.OnError(SqlException exception, Boolean breakConnection, Action`1 wrapCloseInAction)
   at System.Data.SqlClient.SqlInternalConnection.OnError(SqlException exception, Boolean breakConnection, Action`1 wrapCloseInAction)
   at System.Data.SqlClient.TdsParser.ThrowExceptionAndWarning(TdsParserStateObject stateObj, Boolean callerHasConnectionLock, Boolean asyncClose)
   at System.Data.SqlClient.TdsParser.TryRun(RunBehavior runBehavior, SqlCommand cmdHandler, SqlDataReader dataStream, BulkCopySimpleResultSet bulkCopyHandler, TdsParserStateObject stateObj, Boolean& dataReady)
   at System.Data.SqlClient.SqlCommand.FinishExecuteReader(SqlDataReader ds, RunBehavior runBehavior, String resetOptionsString)
   at System.Data.SqlClient.SqlCommand.RunExecuteReaderTds(CommandBehavior cmdBehavior, RunBehavior runBehavior, Boolean returnStream, Boolean async, Int32 timeout, Task& task, Boolean asyncWrite, SqlDataReader ds, Boolean describeParameterEncryptionRequest)
   at System.Data.SqlClient.SqlCommand.RunExecuteReader(CommandBehavior cmdBehavior, RunBehavior runBehavior, Boolean returnStream, String method, TaskCompletionSource`1 completion, Int32 timeout, Task& task, Boolean asyncWrite)
   at System.Data.SqlClient.SqlCommand.InternalExecuteNonQuery(TaskCompletionSource`1 completion, String methodName, Boolean sendToPipe, Int32 timeout, Boolean asyncWrite)
   at System.Data.SqlClient.SqlCommand.ExecuteNonQuery()
   at DatabaseManager.Data.BaseDataAccessor.ExecuteWithResult(String sproc, SqlParameter[] parameters)
   at DatabaseManager.Data.DBAccessManager.UserChangePassword(String UserName, String OldPassword, String NewPassword)
   at SchoolNet.Login.Change_Password_Click(Object sender, EventArgs e) in c:\Kesavan\Projects\FarmPro\FarmPro\Login.aspx.cs:line 109
ClientConnectionId:2ef3d338-b721-45fc-a23d-80095fcc61cb
Error Number:2812,State:62,Class:16
==========================================

Log written at : 6/1/2016 11:35:12 AM
Error occured on page : http://localhost:4071/login.aspx

Here is the actual error :
System.Threading.ThreadAbortException: Thread was being aborted.
   at System.Threading.Thread.AbortInternal()
   at System.Threading.Thread.Abort(Object stateInfo)
   at System.Web.HttpResponse.AbortCurrentThread()
   at System.Web.HttpResponse.End()
   at System.Web.HttpResponse.Redirect(String url, Boolean endResponse, Boolean permanent)
   at System.Web.HttpResponse.Redirect(String url)
   at SchoolNet.Login.MemberLogin(Object sender, EventArgs e) in c:\Kesavan\Projects\FarmPro\FarmPro\Login.aspx.cs:line 268
==========================================

Log written at : 6/1/2016 11:45:19 AM
Error occured on page : http://localhost:4071/admin/ManageCattle.aspx

Here is the actual error :
System.ArgumentOutOfRangeException: 'Tab2_MaleParent' has a SelectedValue which is invalid because it does not exist in the list of items.
Parameter name: value
   at System.Web.UI.WebControls.ListControl.set_SelectedValue(String value)
   at SchoolNet.ManageCattle.LoadCattleInformation(Int32 EmpId) in c:\Kesavan\Projects\FarmPro\FarmPro\Admin\ManageCattle.aspx.cs:line 541
==========================================

Log written at : 6/1/2016 12:26:48 PM
Error occured on page : http://localhost:4071/admin/ManageEmployee.aspx

Here is the actual error :
System.Data.SqlClient.SqlException (0x80131904): Could not find stored procedure 'spGetDocumentTypeLookup'.
   at System.Data.SqlClient.SqlConnection.OnError(SqlException exception, Boolean breakConnection, Action`1 wrapCloseInAction)
   at System.Data.SqlClient.SqlInternalConnection.OnError(SqlException exception, Boolean breakConnection, Action`1 wrapCloseInAction)
   at System.Data.SqlClient.TdsParser.ThrowExceptionAndWarning(TdsParserStateObject stateObj, Boolean callerHasConnectionLock, Boolean asyncClose)
   at System.Data.SqlClient.TdsParser.TryRun(RunBehavior runBehavior, SqlCommand cmdHandler, SqlDataReader dataStream, BulkCopySimpleResultSet bulkCopyHandler, TdsParserStateObject stateObj, Boolean& dataReady)
   at System.Data.SqlClient.SqlDataReader.TryConsumeMetaData()
   at System.Data.SqlClient.SqlDataReader.get_MetaData()
   at System.Data.SqlClient.SqlCommand.FinishExecuteReader(SqlDataReader ds, RunBehavior runBehavior, String resetOptionsString)
   at System.Data.SqlClient.SqlCommand.RunExecuteReaderTds(CommandBehavior cmdBehavior, RunBehavior runBehavior, Boolean returnStream, Boolean async, Int32 timeout, Task& task, Boolean asyncWrite, SqlDataReader ds, Boolean describeParameterEncryptionRequest)
   at System.Data.SqlClient.SqlCommand.RunExecuteReader(CommandBehavior cmdBehavior, RunBehavior runBehavior, Boolean returnStream, String method, TaskCompletionSource`1 completion, Int32 timeout, Task& task, Boolean asyncWrite)
   at System.Data.SqlClient.SqlCommand.RunExecuteReader(CommandBehavior cmdBehavior, RunBehavior runBehavior, Boolean returnStream, String method)
   at System.Data.SqlClient.SqlCommand.ExecuteReader(CommandBehavior behavior, String method)
   at System.Data.SqlClient.SqlCommand.ExecuteDbDataReader(CommandBehavior behavior)
   at System.Data.Common.DbCommand.System.Data.IDbCommand.ExecuteReader(CommandBehavior behavior)
   at System.Data.Common.DbDataAdapter.FillInternal(DataSet dataset, DataTable[] datatables, Int32 startRecord, Int32 maxRecords, String srcTable, IDbCommand command, CommandBehavior behavior)
   at System.Data.Common.DbDataAdapter.Fill(DataSet dataSet, Int32 startRecord, Int32 maxRecords, String srcTable, IDbCommand command, CommandBehavior behavior)
   at System.Data.Common.DbDataAdapter.Fill(DataSet dataSet)
   at DatabaseManager.Data.BaseDataAccessor.ExecuteDataSet(String sproc, SqlParameter[] parameters)
   at DatabaseManager.Data.DBAccessManager.RetrieveCollection(String sproc, SqlParameter[] parameters)
   at DatabaseManager.Data.DBAccessManager.RetrieveDocumentType()
   at SchoolNet.SchoolNetBase.LoadDocumentType(DropDownList eDocType) in c:\Kesavan\Projects\FarmPro\FarmPro\App_Code\NetBase.cs:line 1267
ClientConnectionId:34b55784-010c-4a70-809c-9b3a6a31bb58
Error Number:2812,State:62,Class:16
==========================================

Log written at : 6/1/2016 12:26:48 PM
Error occured on page : http://localhost:4071/admin/ManageEmployee.aspx

Here is the actual error :
System.IndexOutOfRangeException: Cannot find table 3.
   at System.Data.DataTableCollection.get_Item(Int32 index)
   at SchoolNet.ManageEmployee.LoadEmployeeInformation(Int32 EmpId) in c:\Kesavan\Projects\FarmPro\FarmPro\Admin\ManageEmployee.aspx.cs:line 893
==========================================
