
Log written at : 4/24/2016 6:55:56 PM
Error occured on page : http://localhost:4071/Login.aspx

Here is the actual error :
System.Threading.ThreadAbortException: Thread was being aborted.
   at System.Threading.Thread.AbortInternal()
   at System.Threading.Thread.Abort(Object stateInfo)
   at System.Web.HttpResponse.AbortCurrentThread()
   at System.Web.HttpResponse.End()
   at System.Web.HttpResponse.Redirect(String url, Boolean endResponse, Boolean permanent)
   at System.Web.HttpResponse.Redirect(String url)
   at SchoolNet.Login.RedirectBasedonRole() in c:\Kesavan\Projects\FarmPro\FarmPro\Login.aspx.cs:line 322
==========================================

Log written at : 4/24/2016 6:56:00 PM
Error occured on page : http://localhost:4071/Login.aspx

Here is the actual error :
System.Threading.ThreadAbortException: Thread was being aborted.
   at System.Threading.Thread.AbortInternal()
   at System.Threading.Thread.Abort(Object stateInfo)
   at System.Web.HttpResponse.AbortCurrentThread()
   at System.Web.HttpResponse.End()
   at System.Web.HttpResponse.Redirect(String url, Boolean endResponse, Boolean permanent)
   at System.Web.HttpResponse.Redirect(String url)
   at SchoolNet.Login.RedirectBasedonRole() in c:\Kesavan\Projects\FarmPro\FarmPro\Login.aspx.cs:line 322
==========================================
